
   Output from MFDn in M-scheme basis Version 15


          References for using this code        

 P. Maris, M. Sosonkina, J.P. Vary, E.G. Ng and C. Yang,
 Scaling of ab-initio nuclear physics calculations on multicore computer architectures,
 in Procedia Computer Science 1, pp. 97-106 (May 2010, ICCS 2010)
 DOI: 10.1016/j.procs.2010.04.012
 Url: http://www.sciencedirect.com/science/article/pii/S187705091000013X

 H.M. Aktulga, C. Yang, E.G. Ng, P. Maris and J.P. Vary,
 Improving the Scalability of a Symmetric Iterative Eigensolver for Multi-core Platforms,
 Concurrency Computat.: Pract. Exper. 26, pp. 2631-2651 (2014)
 DOI: 10.1002/cpe.3129
 Url: http://onlinelibrary.wiley.com/doi/10.1002/cpe.3129/abstract;jsessionid=0DE779AA1FC785FA0065CA2A1392E8A4.f03t02


 M. Shao, H.M. Aktulga, C. Yang, E.G. Ng, P. Maris and J.P. Vary,
 Accelerating Nuclear Configuration Interaction Calculations through a Preconditioned Block Iterative Eigensolver,
 Comput.~Phys.~Commun. 222, 1 (2018)
 DOI: 10.1016/j.cpc.2017.09.004
 Url: 

          See also NCSM review article          

 B.R. Barrett, P. Navratil, and J. P. Vary
 Ab initio no core shell model,
 Prog. Part. Nucl. Phys. 69, pp. 131-181 (2013) 


  Normal run of MFDn

   Number of MPI processors             1
   Number of diagonals                  1
   Number of threads per proc           8
   Timer started 

  Read input from mfdn.input

  Number of protons            0
  Number of neutrons           2
  Total number of particles            2

   Read SP basis from file 
  Total number of S.P. orbitals           6
  Total number of S.P. states            24

  M_j constraint:  M_j =   0.00000000    
  parity (0 means both + and/or -)            1

  WTzero (minimal many-body weight)   0.00000000    
  WTmax (many-body weights cutoff )   0.00000000    

  Two-body interaction 

  Number of eigenstates              8
  Max number of iterations         600
  Starting at iter. number           0
  Selection pivot vector             3
  Requested tolerance        9.9999999999999995E-007

  Finished reading relevant parameters on all procs
  Finished generating SP basis on all procs 
  Time reading input/setup SP basis   9.2321799999999996E-004

  Number of CSB groups           1
  Distribution of CSB groups:
    min. number of CSB groups            1
    max. number of CSB groups            1

  Number of groupIDs             6
  Distribution of groupIDs:  
    min. number of groupIDs is           6
    max. number of groupIDs is           6

  Dimension of M-basis                    14
    number of M-scheme states with exactly N quanta;  with up to N quanta
   Ntot           3   dimensions                   14                   14

  Distribution of M-basis states:
    min. number of M-states is          14
    max. number of M-states is          14

  Details on root:
    max. number of M-scheme states per groupid           4  at           2
    min, avg, max groupsize           1   2.33333325               4

  More details on root:
    number of blkgroups = nblks           1
    blkgroup size limit        4000
    min, avg, max blocksize          14   13.0000000              14


  Finished generating (or reading) MB basis info

    max. weight for single particle is   0.00000000    
    max. weight for           2  particles   0.00000000    

    max. j2 value for single particle is           5
    max. j2 value for           2  particles          10


  Finished distributing MB basis 

  Number of groupids             6
  Dimension of M-basis                   14

  Time generate/read/distr MB basis   2.4710270000000002E-003

  Structure of many-body H-matrix 

  Number of nonzero tiles (excl. diagonal tiles)                   15
  Distribution of nonzero tiles:
    min. number of nonzero tiles          15
    max. number of nonzero tiles          15

  min time counting tiles     3.0512300000000046E-004
  avg time counting tiles     3.0512300000000046E-004
  max time counting tiles     3.0512300000000046E-004

  min time construct tiles    2.8634700000000016E-004
  avg time construct tiles    2.8634700000000016E-004
  max time construct tiles    2.8634700000000016E-004

  Details on root: 
    Number of diag. tiles            6  ( = number of groups)
    number of tiles            0  differ by            0
    number of tiles            9  differ by            1
    number of tiles            6  differ by            2

  Number of nonzero m.e. on diag tiles                   26
  Distribution of nonzero m.e. on diag tiles:
    min. number of nonzero m.e. dtiles          26
    max. number of nonzero m.e. dtiles          26
  (distributed over all MPI processors)

  NNZ on diagonals (excl. diag. tiles)                   75
  Distribution of nonzero m.e. on diags:
    min. number of nonzero m.e. diags                    75
    max. number of nonzero m.e. diags                    75

  min time counting nonzeros   6.9221200000000021E-004
  avg time counting nonzeros   6.9221200000000021E-004
  max time counting nonzeros   6.9221200000000021E-004

  Finished determining sparsity structure

   Total number of nonzero matrix elements                   101

   Number of nonzero m.e. on diagonal tiles                   26
  Total number of diagonal tiles(=ngroupids)           6

   Number of nonzero m.e. excl. diag. tiles                   75
  Number of nonzero tiles excl. diag. tiles                   15
  Total number of nonzero CSB_coo blks                         1

  matrix element sparsity   0.96190476190476193     
  tile (group) sparsity     0.71428571428571430     
  CSB_coo block sparsity     1.0000000000000000     

  Time tile sparsity/count nonzeros   1.6245389999999999E-003

  Reading 2-body Hamiltonian H2full

 opening new binary TBME file   tbme-H.bin

  Finished reading and distributing 2-body m.e.

  Finished reading and distributing V

  Time reading and distributing V     6.2470100000000008E-004

  Number of nonzero matrix elements                  101
  Distribution of nonzero matrix elements:
    min. number of nonzero m.e. is                   101
    max. number of nonzero m.e. is                   101

  min time construct mat.el.   5.1073199999999985E-004
  avg time construct mat.el.   5.1073199999999985E-004
  max time construct mat.el.   5.1073199999999985E-004

  Time constructing Many-Body m.e.    5.7513899999999969E-004

  Preparation time for Lanczos iterations   1.2906399999999991E-004

  Starting Lanczos iterations
  It #, Average time, Ei for i = 1 through  4, error est

  Lanczos iteration time   3.5363627000000002E-002 for          14 its
  Average time per iteration   2.5259733571428573E-003
  Running with           8  OMP threads
  Average time per iteration   2.3575751333333333E-003
    max SpMV time incl rowcom   9.5088040000000096E-003
    max ortho time incl com     2.5530451999999995E-002
    max Col AllGatherV          6.6050499999999960E-004
    max Col ReduceScatter       1.8930000000007274E-005
    max comm time ortho         3.7323000000005768E-005

  Postprocessing
   Number of SpMV in Lanczos its          15
   Lanczos vectors converted  to wavefunctions
   smwf written to file for           8 states
   evaluated abs. error for           8 states
  Lanczos to smwf to file time   7.4866980000000000E-003

  Eigen energy, error est, residu ||H psi - E psi||
           1  -12.1710329       5.88488210E-15   1.24868757E-06
           2  -9.99125099       2.91651875E-13   8.72224973E-07
           3  -8.38922501       1.77646474E-11   5.73851025E-07
           4  -7.85114861       1.73647696E-09   4.59775691E-07
           5  -7.73236513       5.07455811E-09   7.80465655E-07
           6  -6.44475031       2.16662643E-11   5.68715620E-07
           7  -3.42139506       2.45454435E-10   3.98408076E-07
           8  -2.70563126       9.27004418E-10   3.94058503E-07

  Time solving lowest eigenstates     4.3101645000000001E-002
  including error estimates and writing eigenvectors to file

 INPUT: read in TBME files for observables
 opening new binary TBME file   tbme-rrel2.bin
 opening new binary TBME file   tbme-H.bin

    prep time observables    2.0850700000000361E-004
  Starting calculating observables

  Seq     E_eigen         J (real)    n_J       T (real)
   1        -12.1710          0.0000     1          1.0000
   2         -9.9913          2.0000     1          1.0000
   3         -8.3892          4.0000     1          1.0000
   4         -7.8511          0.0000     2          1.0000
   5         -7.7324          2.0000     2          1.0000
   6         -6.4448          3.0000     1          1.0000
   7         -3.4214          4.0000     2          1.0000
   8         -2.7056          2.0000     3          1.0000

    time JTLS observables    1.8754699999999624E-004
    time TBME observables    1.1868200000000190E-004
    time reduced OBDMEs      5.8029999999986703E-006
    Max. multipolarity reduced OBDMEs           2
    time writing results     2.3165399999999781E-004

  Finished observables

  Time 1- and 2-body observables      7.8011100000000000E-004
  Normal completion for MFDn_Mscheme Version 15 

  Dimension of matrix                    14
  Total number of nonzero matrix elements                  101

  Max. value of nnonzero                    101

  Sparseness of Hamiltonian 
  Fraction of nonzero matrix elements  0.96190476190476193     

 Time total run    5.0455692000000003E-002

