
   Output from MFDn in M-scheme basis Version 15


          References for using this code        

 P. Maris, M. Sosonkina, J.P. Vary, E.G. Ng and C. Yang,
 Scaling of ab-initio nuclear physics calculations on multicore computer architectures,
 in Procedia Computer Science 1, pp. 97-106 (May 2010, ICCS 2010)
 DOI: 10.1016/j.procs.2010.04.012
 Url: http://www.sciencedirect.com/science/article/pii/S187705091000013X

 H.M. Aktulga, C. Yang, E.G. Ng, P. Maris and J.P. Vary,
 Improving the Scalability of a Symmetric Iterative Eigensolver for Multi-core Platforms,
 Concurrency Computat.: Pract. Exper. 26, pp. 2631-2651 (2014)
 DOI: 10.1002/cpe.3129
 Url: http://onlinelibrary.wiley.com/doi/10.1002/cpe.3129/abstract;jsessionid=0DE779AA1FC785FA0065CA2A1392E8A4.f03t02


 M. Shao, H.M. Aktulga, C. Yang, E.G. Ng, P. Maris and J.P. Vary,
 Accelerating Nuclear Configuration Interaction Calculations through a Preconditioned Block Iterative Eigensolver,
 Comput.~Phys.~Commun. 222, 1 (2018)
 DOI: 10.1016/j.cpc.2017.09.004
 Url: 

          See also NCSM review article          

 B.R. Barrett, P. Navratil, and J. P. Vary
 Ab initio no core shell model,
 Prog. Part. Nucl. Phys. 69, pp. 131-181 (2013) 


  Normal run of MFDn

   Number of MPI processors             1
   Number of diagonals                  1
   Number of threads per proc           8
   Timer started 

  Read input from mfdn.input

  Number of protons            4
  Number of neutrons           5
  Total number of particles            9

   Read SP basis from file 
  Total number of S.P. orbitals           6
  Total number of S.P. states            24

  M_j constraint:  M_j =  0.500000000    
  parity (0 means both + and/or -)            1

  WTzero (minimal many-body weight)   0.00000000    
  WTmax (many-body weights cutoff )   0.00000000    

  Two-body interaction 

  Number of eigenstates              8
  Max number of iterations         600
  Starting at iter. number           0
  Selection pivot vector             3
  Requested tolerance        9.9999999999999995E-007

  Finished reading relevant parameters on all procs
  Finished generating SP basis on all procs 
  Time reading input/setup SP basis   9.5181200000000001E-004

  Number of CSB groups          12
  Distribution of CSB groups:
    min. number of CSB groups           12
    max. number of CSB groups           12

  Number of groupIDs           168
  Distribution of groupIDs:  
    min. number of groupIDs is         168
    max. number of groupIDs is         168

  Dimension of M-basis                 44133
    number of M-scheme states with exactly N quanta;  with up to N quanta
   Ntot          17   dimensions                44133                44133

  Distribution of M-basis states:
    min. number of M-states is       44133
    max. number of M-states is       44133

  Details on root:
    max. number of M-scheme states per groupid        2323  at         105
    min, avg, max groupsize           1   262.696442            2323

  More details on root:
    number of blkgroups = nblks          12
    blkgroup size limit        4000
    min, avg, max blocksize        2617   3677.66675            3981


  Finished generating (or reading) MB basis info

    max. weight for single particle is   0.00000000    
    max. weight for           2  particles   0.00000000    

    max. j2 value for single particle is           5
    max. j2 value for           2  particles          10


  Finished distributing MB basis 

  Number of groupids           168
  Dimension of M-basis                44133

  Time generate/read/distr MB basis   3.2834789999999996E-002

  Structure of many-body H-matrix 

  Number of nonzero tiles (excl. diagonal tiles)                 2680
  Distribution of nonzero tiles:
    min. number of nonzero tiles        2680
    max. number of nonzero tiles        2680

  min time counting tiles     4.3004399999999748E-004
  avg time counting tiles     4.3004399999999748E-004
  max time counting tiles     4.3004399999999748E-004

  min time construct tiles    4.2629500000000015E-004
  avg time construct tiles    4.2629500000000015E-004
  max time construct tiles    4.2629500000000015E-004

  Details on root: 
    Number of diag. tiles          168  ( = number of groups)
    number of tiles            0  differ by            0
    number of tiles          658  differ by            1
    number of tiles         2022  differ by            2

  Number of nonzero m.e. on diag tiles               732661
  Distribution of nonzero m.e. on diag tiles:
    min. number of nonzero m.e. dtiles      732661
    max. number of nonzero m.e. dtiles      732661
  (distributed over all MPI processors)

  NNZ on diagonals (excl. diag. tiles)              4384599
  Distribution of nonzero m.e. on diags:
    min. number of nonzero m.e. diags               4384599
    max. number of nonzero m.e. diags               4384599

  min time counting nonzeros   1.0692983470000001     
  avg time counting nonzeros   1.0692983470000001     
  max time counting nonzeros   1.0692983470000001     

  Finished determining sparsity structure

   Total number of nonzero matrix elements               5117260

   Number of nonzero m.e. on diagonal tiles               732661
  Total number of diagonal tiles(=ngroupids)         168

   Number of nonzero m.e. excl. diag. tiles              4384599
  Number of nonzero tiles excl. diag. tiles                 2680
  Total number of nonzero CSB_coo blks                        78

  matrix element sparsity    5.2544920361581333E-003
  tile (group) sparsity     0.18878557340095803     
  CSB_coo block sparsity     1.0000000000000000     

  Time tile sparsity/count nonzeros   1.0702825990000000     

  Reading 2-body Hamiltonian H2full

 opening new binary TBME file   tbme-H.bin

  Finished reading and distributing 2-body m.e.

  Finished reading and distributing V

  Time reading and distributing V     1.4598899999995751E-004

  Number of nonzero matrix elements              5117260
  Distribution of nonzero matrix elements:
    min. number of nonzero m.e. is               5117260
    max. number of nonzero m.e. is               5117260

  min time construct mat.el.   2.8246599470000002     
  avg time construct mat.el.   2.8246599470000002     
  max time construct mat.el.   2.8246599470000002     

  Time constructing Many-Body m.e.    2.8246975729999999     

  Preparation time for Lanczos iterations   5.3110439999999315E-003

  Starting Lanczos iterations
  It #, Average time, Ei for i = 1 through  4, error est
   20  Avg  0.465E-01   Ei    -93.5183    -91.7398    -89.0761    -85.4522    Err 0.86E-01
   40  Avg  0.497E-01   Ei    -94.3883    -93.6210    -93.1666    -91.6906    Err 0.31E-01
   60  Avg  0.533E-01   Ei    -94.3892    -93.6465    -93.1888    -92.5493    Err 0.15E-01
   80  Avg  0.568E-01   Ei    -94.3892    -93.6465    -93.1888    -92.6589    Err 0.17E-02
  100  Avg  0.608E-01   Ei    -94.3892    -93.6465    -93.1888    -92.6589    Err 0.33E-02
  120  Avg  0.650E-01   Ei    -94.3892    -93.6465    -93.1888    -92.6589    Err 0.12E-04
  140  Avg  0.684E-01   Ei    -94.3892    -93.6465    -93.1888    -92.6589    Err 0.21E-07

  Lanczos iteration time   8.0110536600000000      for         140 its
  Average time per iteration   5.7221811857142854E-002
  Running with           8  OMP threads
  Average time per iteration   5.7221811857142854E-002
    max SpMV time incl rowcom   6.2010644150000029     
    max ortho time incl com     1.8019955349999894     
    max Col AllGatherV         0.28122046399999290     
    max Col ReduceScatter       8.4690859999949630E-003
    max comm time ortho         4.0180099999265195E-004

  Postprocessing
   Number of SpMV in Lanczos its         140
   Lanczos vectors converted  to wavefunctions
   smwf written to file for           8 states
   evaluated abs. error for           8 states
  Lanczos to smwf to file time  0.44505388199999985     

  Eigen energy, error est, residu ||H psi - E psi||
           1  -94.3891754       9.97717749E-22   1.06288871E-05
           2  -93.6464767       1.10775904E-18   1.04826531E-05
           3  -93.1888275       5.30193623E-17   1.07158248E-05
           4  -92.6589432       8.29014253E-14   1.02688218E-05
           5  -92.2946625       1.51780086E-12   1.09364246E-05
           6  -91.8704910       3.30883168E-11   1.07335563E-05
           7  -91.4805679       2.52302312E-09   1.02461536E-05
           8  -91.4094772       2.05908943E-08   1.01973446E-05

  Time solving lowest eigenstates     8.4633504170000009     
  including error estimates and writing eigenvectors to file

 INPUT: read in TBME files for observables
 opening new binary TBME file   tbme-rrel2.bin
 opening new binary TBME file   tbme-H.bin

    prep time observables    1.1649529999999686E-003
  Starting calculating observables

  Seq     E_eigen         J (real)    n_J       T (real)
   1        -94.3892          2.5000     1          0.5000
   2        -93.6465          0.5000     1          0.5000
   3        -93.1888          1.5000     1          0.5000
   4        -92.6589          3.5000     1          0.5000
   5        -92.2947          2.5000     2          0.5000
   6        -91.8705          0.5000     2          0.5000
   7        -91.4806          1.5000     2          0.5000
   8        -91.4095          3.5000     2          0.5000

    time JTLS observables    1.4073759790000011     
    time TBME observables    3.6649007199999986     
    time reduced OBDMEs      1.2893000000957500E-005
    Max. multipolarity reduced OBDMEs           2
    time writing results     2.1382999999985941E-004

  Finished observables

  Time 1- and 2-body observables      5.0741454729999997     
  Normal completion for MFDn_Mscheme Version 15 

  Dimension of matrix                 44133
  Total number of nonzero matrix elements              5117260

  Max. value of nnonzero                5117260

  Sparseness of Hamiltonian 
  Fraction of nonzero matrix elements   5.2544920361581333E-003

 Time total run    17.466739981000000     

